<?xml version="1.0" encoding="UTF-8"?>
<testsuite xmlns:xsi="http://www.w3.org/2001/XMLSchema-instance" xsi:noNamespaceSchemaLocation="https://maven.apache.org/surefire/maven-surefire-plugin/xsd/surefire-test-report.xsd" version="3.0.2" name="MessageBusImplTest" time="0.055" tests="12" errors="0" skipped="0" failures="0">
  <properties>
    <property name="java.specification.version" value="17"/>
    <property name="sun.cpu.isalist" value="amd64"/>
    <property name="sun.jnu.encoding" value="Cp1255"/>
    <property name="java.class.path" value="C:\Users\guy19\OneDrive\Desktop\אוניברסיטה\מדמח\סמסטר ג\תכנות מערכות\BGURock\target\test-classes;C:\Users\guy19\OneDrive\Desktop\אוניברסיטה\מדמח\סמסטר ג\תכנות מערכות\BGURock\target\classes;C:\Users\guy19\.m2\repository\com\google\code\gson\gson\2.11.0\gson-2.11.0.jar;C:\Users\guy19\.m2\repository\com\google\errorprone\error_prone_annotations\2.27.0\error_prone_annotations-2.27.0.jar;C:\Users\guy19\.m2\repository\org\junit\jupiter\junit-jupiter-api\5.11.4\junit-jupiter-api-5.11.4.jar;C:\Users\guy19\.m2\repository\org\opentest4j\opentest4j\1.3.0\opentest4j-1.3.0.jar;C:\Users\guy19\.m2\repository\org\junit\platform\junit-platform-commons\1.11.4\junit-platform-commons-1.11.4.jar;C:\Users\guy19\.m2\repository\org\apiguardian\apiguardian-api\1.1.2\apiguardian-api-1.1.2.jar;C:\Users\guy19\.m2\repository\org\junit\jupiter\junit-jupiter-engine\5.11.4\junit-jupiter-engine-5.11.4.jar;C:\Users\guy19\.m2\repository\org\junit\platform\junit-platform-engine\1.11.4\junit-platform-engine-1.11.4.jar;"/>
    <property name="java.vm.vendor" value="Oracle Corporation"/>
    <property name="sun.arch.data.model" value="64"/>
    <property name="user.variant" value=""/>
    <property name="java.vendor.url" value="https://java.oracle.com/"/>
    <property name="user.timezone" value="Asia/Jerusalem"/>
    <property name="os.name" value="Windows 11"/>
    <property name="java.vm.specification.version" value="17"/>
    <property name="sun.java.launcher" value="SUN_STANDARD"/>
    <property name="user.country" value="IL"/>
    <property name="sun.boot.library.path" value="C:\Program Files\Java\jdk-17\bin"/>
    <property name="sun.java.command" value="C:\Users\guy19\AppData\Local\Temp\surefire13788196247504221949\surefirebooter-20250102172636740_3.jar C:\Users\guy19\AppData\Local\Temp\surefire13788196247504221949 2025-01-02T17-26-36_552-jvmRun1 surefire-20250102172636740_1tmp surefire_0-20250102172636740_2tmp"/>
    <property name="jdk.debug" value="release"/>
    <property name="surefire.test.class.path" value="C:\Users\guy19\OneDrive\Desktop\אוניברסיטה\מדמח\סמסטר ג\תכנות מערכות\BGURock\target\test-classes;C:\Users\guy19\OneDrive\Desktop\אוניברסיטה\מדמח\סמסטר ג\תכנות מערכות\BGURock\target\classes;C:\Users\guy19\.m2\repository\com\google\code\gson\gson\2.11.0\gson-2.11.0.jar;C:\Users\guy19\.m2\repository\com\google\errorprone\error_prone_annotations\2.27.0\error_prone_annotations-2.27.0.jar;C:\Users\guy19\.m2\repository\org\junit\jupiter\junit-jupiter-api\5.11.4\junit-jupiter-api-5.11.4.jar;C:\Users\guy19\.m2\repository\org\opentest4j\opentest4j\1.3.0\opentest4j-1.3.0.jar;C:\Users\guy19\.m2\repository\org\junit\platform\junit-platform-commons\1.11.4\junit-platform-commons-1.11.4.jar;C:\Users\guy19\.m2\repository\org\apiguardian\apiguardian-api\1.1.2\apiguardian-api-1.1.2.jar;C:\Users\guy19\.m2\repository\org\junit\jupiter\junit-jupiter-engine\5.11.4\junit-jupiter-engine-5.11.4.jar;C:\Users\guy19\.m2\repository\org\junit\platform\junit-platform-engine\1.11.4\junit-platform-engine-1.11.4.jar;"/>
    <property name="sun.cpu.endian" value="little"/>
    <property name="user.home" value="C:\Users\guy19"/>
    <property name="user.language" value="he"/>
    <property name="java.specification.vendor" value="Oracle Corporation"/>
    <property name="java.version.date" value="2023-10-17"/>
    <property name="java.home" value="C:\Program Files\Java\jdk-17"/>
    <property name="file.separator" value="\"/>
    <property name="basedir" value="C:\Users\guy19\OneDrive\Desktop\אוניברסיטה\מדמח\סמסטר ג\תכנות מערכות\BGURock"/>
    <property name="java.vm.compressedOopsMode" value="Zero based"/>
    <property name="line.separator" value="&#10;"/>
    <property name="java.vm.specification.vendor" value="Oracle Corporation"/>
    <property name="java.specification.name" value="Java Platform API Specification"/>
    <property name="surefire.real.class.path" value="C:\Users\guy19\AppData\Local\Temp\surefire13788196247504221949\surefirebooter-20250102172636740_3.jar"/>
    <property name="user.script" value=""/>
    <property name="sun.management.compiler" value="HotSpot 64-Bit Tiered Compilers"/>
    <property name="java.runtime.version" value="17.0.9+11-LTS-201"/>
    <property name="user.name" value="guy19"/>
    <property name="path.separator" value=";"/>
    <property name="os.version" value="10.0"/>
    <property name="java.runtime.name" value="Java(TM) SE Runtime Environment"/>
    <property name="file.encoding" value="Cp1255"/>
    <property name="java.vm.name" value="Java HotSpot(TM) 64-Bit Server VM"/>
    <property name="localRepository" value="C:\Users\guy19\.m2\repository"/>
    <property name="java.vendor.url.bug" value="https://bugreport.java.com/bugreport/"/>
    <property name="java.io.tmpdir" value="C:\Users\guy19\AppData\Local\Temp\"/>
    <property name="java.version" value="17.0.9"/>
    <property name="user.dir" value="C:\Users\guy19\OneDrive\Desktop\אוניברסיטה\מדמח\סמסטר ג\תכנות מערכות\BGURock"/>
    <property name="os.arch" value="amd64"/>
    <property name="java.vm.specification.name" value="Java Virtual Machine Specification"/>
    <property name="sun.os.patch.level" value=""/>
    <property name="native.encoding" value="Cp1255"/>
    <property name="java.library.path" value="C:\Program Files\Java\jdk-17\bin;C:\WINDOWS\Sun\Java\bin;C:\WINDOWS\system32;C:\WINDOWS;C:\Program Files\Common Files\Oracle\Java\javapath;C:\Program Files (x86)\Common Files\Oracle\Java\javapath;C:\WINDOWS\system32;C:\WINDOWS;C:\WINDOWS\System32\Wbem;C:\WINDOWS\System32\WindowsPowerShell\v1.0\;C:\WINDOWS\System32\OpenSSH\;C:\Program Files\dotnet\;C:\Program Files\Docker\Docker\resources\bin;C:\Program Files\Git\cmd;C:\Users\guy19\Downloads\apache-maven-3.9.9\bin;C:\Users\guy19\AppData\Local\Microsoft\WindowsApps;C:\Users\guy19\AppData\Local\Programs\Microsoft VS Code\bin;."/>
    <property name="java.vm.info" value="mixed mode, sharing"/>
    <property name="java.vendor" value="Oracle Corporation"/>
    <property name="java.vm.version" value="17.0.9+11-LTS-201"/>
    <property name="sun.io.unicode.encoding" value="UnicodeLittle"/>
    <property name="java.class.version" value="61.0"/>
  </properties>
  <testcase name="testCompleteDoesNotAffectOtherEvents" classname="MessageBusImplTest" time="0.004">
    <system-out><![CDATA[Registered MicroService: Handler
Unregistered MicroService: Handler
]]></system-out>
  </testcase>
  <testcase name="testUnregisterRemovesAllReferences" classname="MessageBusImplTest" time="0.003">
    <system-out><![CDATA[Registered MicroService: Service
Service subscribed to Broadcast: ExampleBroadcast
Unregistered MicroService: Service
]]></system-out>
  </testcase>
  <testcase name="testAwaitMessageThrowsExceptionIfNotRegistered" classname="MessageBusImplTest" time="0.001"/>
  <testcase name="testRegisterBroadcastSubscription" classname="MessageBusImplTest" time="0.001">
    <system-out><![CDATA[Registered MicroService: Listener
Registered MicroService: Listener
Listener subscribed to Broadcast: ExampleBroadcast
Unregistered MicroService: Listener
]]></system-out>
  </testcase>
  <testcase name="testRegisterEventSubscription" classname="MessageBusImplTest" time="0.0">
    <system-out><![CDATA[Registered MicroService: Handler
Registered MicroService: Handler
Unregistered MicroService: Handler
]]></system-out>
  </testcase>
  <testcase name="testAwaitMessageReceivesMessagesCorrectly" classname="MessageBusImplTest" time="0.001">
    <system-out><![CDATA[Registered MicroService: service
service subscribed to Broadcast: ExampleBroadcast
Broadcasting to: service
Broadcasting to: service
Unregistered MicroService: service
]]></system-out>
  </testcase>
  <testcase name="testSendEventRoundRobin" classname="MessageBusImplTest" time="0.001">
    <system-out><![CDATA[Registered MicroService: Handler1
Registered MicroService: Handler2
Unregistered MicroService: Handler1
Unregistered MicroService: Handler2
]]></system-out>
  </testcase>
  <testcase name="testSendBroadcast" classname="MessageBusImplTest" time="0.001">
    <system-out><![CDATA[Registered MicroService: Listener1
Registered MicroService: Listener2
Listener1 subscribed to Broadcast: ExampleBroadcast
Listener2 subscribed to Broadcast: ExampleBroadcast
Broadcasting to: Listener1
Broadcasting to: Listener2
Unregistered MicroService: Listener1
Unregistered MicroService: Listener2
]]></system-out>
  </testcase>
  <testcase name="testSendEvent" classname="MessageBusImplTest" time="0.002">
    <system-out><![CDATA[Registered MicroService: Handler
Unregistered MicroService: Handler
]]></system-out>
  </testcase>
  <testcase name="testCompleteUpdatesFutureCorrectly" classname="MessageBusImplTest" time="0.001">
    <system-out><![CDATA[Registered MicroService: Handler
Unregistered MicroService: Handler
]]></system-out>
  </testcase>
  <testcase name="testCompleteWithNonExistentEventDoesNothing" classname="MessageBusImplTest" time="0.001"/>
  <testcase name="testThreadSafetyWithEvents" classname="MessageBusImplTest" time="0.025">
    <system-out><![CDATA[Registered MicroService: Service0
Registered MicroService: Service1
Registered MicroService: Service2
Registered MicroService: Service3
Registered MicroService: Service4
Registered MicroService: Service5
Registered MicroService: Service6
Registered MicroService: Service7
Registered MicroService: Service8
Registered MicroService: Service9
Registered MicroService: Service10
Registered MicroService: Service11
Registered MicroService: Service12
Registered MicroService: Service13
Registered MicroService: Service14
Registered MicroService: Service15
Registered MicroService: Service16
Registered MicroService: Service17
Registered MicroService: Service18
Registered MicroService: Service19
Unregistered MicroService: Service0
Unregistered MicroService: Service1
Unregistered MicroService: Service2
Unregistered MicroService: Service3
Unregistered MicroService: Service4
Unregistered MicroService: Service5
Unregistered MicroService: Service6
Unregistered MicroService: Service7
Unregistered MicroService: Service8
Unregistered MicroService: Service9
Unregistered MicroService: Service10
Unregistered MicroService: Service11
Unregistered MicroService: Service12
Unregistered MicroService: Service13
Unregistered MicroService: Service14
Unregistered MicroService: Service15
Unregistered MicroService: Service16
Unregistered MicroService: Service17
Unregistered MicroService: Service18
Unregistered MicroService: Service19
]]></system-out>
  </testcase>
</testsuite>